<?xml version="1.0" encoding="UTF-8"?>
<!-- Generated by org.testng.reporters.JUnitReportReporter -->
<testsuite hostname="Anastas" failures="0" tests="1" name="uk.co.automationtesting.OrderCompleteTest" time="15.028" errors="0" timestamp="2023-02-25T16:05:09 CET" skipped="0">
  <testcase classname="uk.co.automationtesting.OrderCompleteTest" name="endToEndTest" time="15.028"/>
  <system-out/>
</testsuite> <!-- uk.co.automationtesting.OrderCompleteTest -->
